<?xml version="1.0" encoding="UTF-8"?>
<!-- Generated by org.testng.reporters.JUnitReportReporter -->
<testsuite hostname="Mac195s-MacBook-Pro.local" failures="0" tests="1" name="com.crm.qa.testcases.LoginPageTest" time="30.091" errors="0" timestamp="2023-08-16T11:49:33 IST" skipped="0">
  <testcase classname="com.crm.qa.testcases.LoginPageTest" name="loginTest" time="30.091"/>
  <system-out/>
</testsuite> <!-- com.crm.qa.testcases.LoginPageTest -->
